Determining if the pthread_create exist failed with the following output:
Change Dir: /home/yuhan/IARC/OpticalFlow/bin/CMakeFiles/CMakeTmp

Run Build Command:"/usr/bin/make" "cmTC_175c0/fast"
/usr/bin/make -f CMakeFiles/cmTC_175c0.dir/build.make CMakeFiles/cmTC_175c0.dir/build
make[1]: Entering directory `/home/yuhan/IARC/OpticalFlow/bin/CMakeFiles/CMakeTmp'
Building C object CMakeFiles/cmTC_175c0.dir/CheckSymbolExists.c.o
/usr/bin/cc    -fPIC    -o CMakeFiles/cmTC_175c0.dir/CheckSymbolExists.c.o   -c /home/yuhan/IARC/OpticalFlow/bin/CMakeFiles/CMakeTmp/CheckSymbolExists.c
Linking C executable cmTC_175c0
/usr/local/bin/cmake -E cmake_link_script CMakeFiles/cmTC_175c0.dir/link.txt --verbose=1
/usr/bin/cc  -fPIC     CMakeFiles/cmTC_175c0.dir/CheckSymbolExists.c.o  -o cmTC_175c0 -rdynamic 
CMakeFiles/cmTC_175c0.dir/CheckSymbolExists.c.o: In function `main':
CheckSymbolExists.c:(.text+0x1b): undefined reference to `pthread_create'
collect2: error: ld returned 1 exit status
make[1]: *** [cmTC_175c0] Error 1
make[1]: Leaving directory `/home/yuhan/IARC/OpticalFlow/bin/CMakeFiles/CMakeTmp'
make: *** [cmTC_175c0/fast] Error 2

File /home/yuhan/IARC/OpticalFlow/bin/CMakeFiles/CMakeTmp/CheckSymbolExists.c:
/* */
#include <pthread.h>

int main(int argc, char** argv)
{
  (void)argv;
#ifndef pthread_create
  return ((int*)(&pthread_create))[argc];
#else
  (void)argc;
  return 0;
#endif
}

Determining if the function pthread_create exists in the pthreads failed with the following output:
Change Dir: /home/yuhan/IARC/OpticalFlow/bin/CMakeFiles/CMakeTmp

Run Build Command:"/usr/bin/make" "cmTC_fbd9f/fast"
/usr/bin/make -f CMakeFiles/cmTC_fbd9f.dir/build.make CMakeFiles/cmTC_fbd9f.dir/build
make[1]: Entering directory `/home/yuhan/IARC/OpticalFlow/bin/CMakeFiles/CMakeTmp'
Building C object CMakeFiles/cmTC_fbd9f.dir/CheckFunctionExists.c.o
/usr/bin/cc    -fPIC -DCHECK_FUNCTION_EXISTS=pthread_create   -o CMakeFiles/cmTC_fbd9f.dir/CheckFunctionExists.c.o   -c /usr/local/share/cmake-3.5/Modules/CheckFunctionExists.c
Linking C executable cmTC_fbd9f
/usr/local/bin/cmake -E cmake_link_script CMakeFiles/cmTC_fbd9f.dir/link.txt --verbose=1
/usr/bin/cc  -fPIC -DCHECK_FUNCTION_EXISTS=pthread_create    CMakeFiles/cmTC_fbd9f.dir/CheckFunctionExists.c.o  -o cmTC_fbd9f -rdynamic -lpthreads 
/usr/bin/ld: cannot find -lpthreads
collect2: error: ld returned 1 exit status
make[1]: *** [cmTC_fbd9f] Error 1
make[1]: Leaving directory `/home/yuhan/IARC/OpticalFlow/bin/CMakeFiles/CMakeTmp'
make: *** [cmTC_fbd9f/fast] Error 2


